0 info it worked if it ends with ok
1 verbose cli [ '/usr/bin/nodejs', '/usr/bin/npm', 'start' ]
2 info using npm@3.10.9
3 info using node@v6.9.2
4 verbose run-script [ 'prestart', 'start', 'poststart' ]
5 info lifecycle blackjack-react-hapi@1.0.0~prestart: blackjack-react-hapi@1.0.0
6 silly lifecycle blackjack-react-hapi@1.0.0~prestart: no script for prestart, continuing
7 info lifecycle blackjack-react-hapi@1.0.0~start: blackjack-react-hapi@1.0.0
8 verbose lifecycle blackjack-react-hapi@1.0.0~start: unsafe-perm in lifecycle true
9 verbose lifecycle blackjack-react-hapi@1.0.0~start: PATH: /usr/lib/node_modules/npm/bin/node-gyp-bin:/home/jnorr/code/blackjack-react-hapi/node_modules/.bin:/home/jnorr/bin:/home/jnorr/.local/bin:/usr/local/sbin:/usr/local/bin:/usr/sbin:/usr/bin:/sbin:/bin:/usr/games:/usr/local/games:/snap/bin
10 verbose lifecycle blackjack-react-hapi@1.0.0~start: CWD: /home/jnorr/code/blackjack-react-hapi
11 silly lifecycle blackjack-react-hapi@1.0.0~start: Args: [ '-c', 'webpack --progress --colors --watch' ]
12 silly lifecycle blackjack-react-hapi@1.0.0~start: Returned: code: 137  signal: null
13 info lifecycle blackjack-react-hapi@1.0.0~start: Failed to exec start script
14 verbose stack Error: blackjack-react-hapi@1.0.0 start: `webpack --progress --colors --watch`
14 verbose stack Exit status 137
14 verbose stack     at EventEmitter.<anonymous> (/usr/lib/node_modules/npm/lib/utils/lifecycle.js:255:16)
14 verbose stack     at emitTwo (events.js:106:13)
14 verbose stack     at EventEmitter.emit (events.js:191:7)
14 verbose stack     at ChildProcess.<anonymous> (/usr/lib/node_modules/npm/lib/utils/spawn.js:40:14)
14 verbose stack     at emitTwo (events.js:106:13)
14 verbose stack     at ChildProcess.emit (events.js:191:7)
14 verbose stack     at maybeClose (internal/child_process.js:877:16)
14 verbose stack     at Process.ChildProcess._handle.onexit (internal/child_process.js:226:5)
15 verbose pkgid blackjack-react-hapi@1.0.0
16 verbose cwd /home/jnorr/code/blackjack-react-hapi
17 error Linux 4.4.0-53-generic
18 error argv "/usr/bin/nodejs" "/usr/bin/npm" "start"
19 error node v6.9.2
20 error npm  v3.10.9
21 error code ELIFECYCLE
22 error blackjack-react-hapi@1.0.0 start: `webpack --progress --colors --watch`
22 error Exit status 137
23 error Failed at the blackjack-react-hapi@1.0.0 start script 'webpack --progress --colors --watch'.
23 error Make sure you have the latest version of node.js and npm installed.
23 error If you do, this is most likely a problem with the blackjack-react-hapi package,
23 error not with npm itself.
23 error Tell the author that this fails on your system:
23 error     webpack --progress --colors --watch
23 error You can get information on how to open an issue for this project with:
23 error     npm bugs blackjack-react-hapi
23 error Or if that isn't available, you can get their info via:
23 error     npm owner ls blackjack-react-hapi
23 error There is likely additional logging output above.
24 verbose exit [ 1, true ]
